2024-04-10 18:55:48,345 [Worker-7: Loading available Gradle versions] INFO  o.e.b.c.i.u.g.PublishedGradleVersions - Gradle version information cache is out-of-date. Trying to update.
2024-04-10 18:57:54,491 [Worker-16: Launching mavenrun-eb8599d2-4f4e-4d9a-8070-1e6cb07ba84b] INFO  o.eclipse.m2e.core.internal.Bundles - getClasspathEntries(Bundle=org.eclipse.m2e.maven.runtime_3.9.600.20231203-1234 [637])
2024-04-10 18:57:54,495 [Worker-16: Launching mavenrun-eb8599d2-4f4e-4d9a-8070-1e6cb07ba84b] INFO  o.eclipse.m2e.core.internal.Bundles - 	Entry: C:\Users\exam\.p2\pool\plugins\org.eclipse.m2e.maven.runtime_3.9.600.20231203-1234
2024-04-10 18:57:54,495 [Worker-16: Launching mavenrun-eb8599d2-4f4e-4d9a-8070-1e6cb07ba84b] INFO  o.eclipse.m2e.core.internal.Bundles - 	Entry: C:\Users\exam\.p2\pool\plugins\org.eclipse.m2e.maven.runtime_3.9.600.20231203-1234\jars\aopalliance-1.0.jar
2024-04-10 18:57:54,495 [Worker-16: Launching mavenrun-eb8599d2-4f4e-4d9a-8070-1e6cb07ba84b] INFO  o.eclipse.m2e.core.internal.Bundles - 	Entry: C:\Users\exam\.p2\pool\plugins\org.eclipse.m2e.maven.runtime_3.9.600.20231203-1234\jars\guice-5.1.0.jar
2024-04-10 18:57:54,496 [Worker-16: Launching mavenrun-eb8599d2-4f4e-4d9a-8070-1e6cb07ba84b] INFO  o.eclipse.m2e.core.internal.Bundles - 	Entry: C:\Users\exam\.p2\pool\plugins\org.eclipse.m2e.maven.runtime_3.9.600.20231203-1234\jars\httpclient-4.5.14.jar
2024-04-10 18:57:54,496 [Worker-16: Launching mavenrun-eb8599d2-4f4e-4d9a-8070-1e6cb07ba84b] INFO  o.eclipse.m2e.core.internal.Bundles - 	Entry: C:\Users\exam\.p2\pool\plugins\org.eclipse.m2e.maven.runtime_3.9.600.20231203-1234\jars\httpcore-4.4.16.jar
2024-04-10 18:57:54,496 [Worker-16: Launching mavenrun-eb8599d2-4f4e-4d9a-8070-1e6cb07ba84b] INFO  o.eclipse.m2e.core.internal.Bundles - 	Entry: C:\Users\exam\.p2\pool\plugins\org.eclipse.m2e.maven.runtime_3.9.600.20231203-1234\jars\jansi-2.4.0.jar
2024-04-10 18:57:54,496 [Worker-16: Launching mavenrun-eb8599d2-4f4e-4d9a-8070-1e6cb07ba84b] INFO  o.eclipse.m2e.core.internal.Bundles - 	Entry: C:\Users\exam\.p2\pool\plugins\org.eclipse.m2e.maven.runtime_3.9.600.20231203-1234\jars\jcl-over-slf4j-1.7.36.jar
2024-04-10 18:57:54,496 [Worker-16: Launching mavenrun-eb8599d2-4f4e-4d9a-8070-1e6cb07ba84b] INFO  o.eclipse.m2e.core.internal.Bundles - 	Entry: C:\Users\exam\.p2\pool\plugins\org.eclipse.m2e.maven.runtime_3.9.600.20231203-1234\jars\maven-artifact-3.9.6.jar
2024-04-10 18:57:54,496 [Worker-16: Launching mavenrun-eb8599d2-4f4e-4d9a-8070-1e6cb07ba84b] INFO  o.eclipse.m2e.core.internal.Bundles - 	Entry: C:\Users\exam\.p2\pool\plugins\org.eclipse.m2e.maven.runtime_3.9.600.20231203-1234\jars\maven-builder-support-3.9.6.jar
2024-04-10 18:57:54,497 [Worker-16: Launching mavenrun-eb8599d2-4f4e-4d9a-8070-1e6cb07ba84b] INFO  o.eclipse.m2e.core.internal.Bundles - 	Entry: C:\Users\exam\.p2\pool\plugins\org.eclipse.m2e.maven.runtime_3.9.600.20231203-1234\jars\maven-compat-3.9.6.jar
2024-04-10 18:57:54,497 [Worker-16: Launching mavenrun-eb8599d2-4f4e-4d9a-8070-1e6cb07ba84b] INFO  o.eclipse.m2e.core.internal.Bundles - 	Entry: C:\Users\exam\.p2\pool\plugins\org.eclipse.m2e.maven.runtime_3.9.600.20231203-1234\jars\maven-core-3.9.6.jar
2024-04-10 18:57:54,497 [Worker-16: Launching mavenrun-eb8599d2-4f4e-4d9a-8070-1e6cb07ba84b] INFO  o.eclipse.m2e.core.internal.Bundles - 	Entry: C:\Users\exam\.p2\pool\plugins\org.eclipse.m2e.maven.runtime_3.9.600.20231203-1234\jars\maven-embedder-3.9.6.jar
2024-04-10 18:57:54,497 [Worker-16: Launching mavenrun-eb8599d2-4f4e-4d9a-8070-1e6cb07ba84b] INFO  o.eclipse.m2e.core.internal.Bundles - 	Entry: C:\Users\exam\.p2\pool\plugins\org.eclipse.m2e.maven.runtime_3.9.600.20231203-1234\jars\maven-model-3.9.6.jar
2024-04-10 18:57:54,497 [Worker-16: Launching mavenrun-eb8599d2-4f4e-4d9a-8070-1e6cb07ba84b] INFO  o.eclipse.m2e.core.internal.Bundles - 	Entry: C:\Users\exam\.p2\pool\plugins\org.eclipse.m2e.maven.runtime_3.9.600.20231203-1234\jars\maven-model-builder-3.9.6.jar
2024-04-10 18:57:54,497 [Worker-16: Launching mavenrun-eb8599d2-4f4e-4d9a-8070-1e6cb07ba84b] INFO  o.eclipse.m2e.core.internal.Bundles - 	Entry: C:\Users\exam\.p2\pool\plugins\org.eclipse.m2e.maven.runtime_3.9.600.20231203-1234\jars\maven-plugin-api-3.9.6.jar
2024-04-10 18:57:54,498 [Worker-16: Launching mavenrun-eb8599d2-4f4e-4d9a-8070-1e6cb07ba84b] INFO  o.eclipse.m2e.core.internal.Bundles - 	Entry: C:\Users\exam\.p2\pool\plugins\org.eclipse.m2e.maven.runtime_3.9.600.20231203-1234\jars\maven-repository-metadata-3.9.6.jar
2024-04-10 18:57:54,498 [Worker-16: Launching mavenrun-eb8599d2-4f4e-4d9a-8070-1e6cb07ba84b] INFO  o.eclipse.m2e.core.internal.Bundles - 	Entry: C:\Users\exam\.p2\pool\plugins\org.eclipse.m2e.maven.runtime_3.9.600.20231203-1234\jars\maven-resolver-api-1.9.18.jar
2024-04-10 18:57:54,498 [Worker-16: Launching mavenrun-eb8599d2-4f4e-4d9a-8070-1e6cb07ba84b] INFO  o.eclipse.m2e.core.internal.Bundles - 	Entry: C:\Users\exam\.p2\pool\plugins\org.eclipse.m2e.maven.runtime_3.9.600.20231203-1234\jars\maven-resolver-connector-basic-1.9.18.jar
2024-04-10 18:57:54,498 [Worker-16: Launching mavenrun-eb8599d2-4f4e-4d9a-8070-1e6cb07ba84b] INFO  o.eclipse.m2e.core.internal.Bundles - 	Entry: C:\Users\exam\.p2\pool\plugins\org.eclipse.m2e.maven.runtime_3.9.600.20231203-1234\jars\maven-resolver-impl-1.9.18.jar
2024-04-10 18:57:54,498 [Worker-16: Launching mavenrun-eb8599d2-4f4e-4d9a-8070-1e6cb07ba84b] INFO  o.eclipse.m2e.core.internal.Bundles - 	Entry: C:\Users\exam\.p2\pool\plugins\org.eclipse.m2e.maven.runtime_3.9.600.20231203-1234\jars\maven-resolver-named-locks-1.9.18.jar
2024-04-10 18:57:54,498 [Worker-16: Launching mavenrun-eb8599d2-4f4e-4d9a-8070-1e6cb07ba84b] INFO  o.eclipse.m2e.core.internal.Bundles - 	Entry: C:\Users\exam\.p2\pool\plugins\org.eclipse.m2e.maven.runtime_3.9.600.20231203-1234\jars\maven-resolver-provider-3.9.6.jar
2024-04-10 18:57:54,499 [Worker-16: Launching mavenrun-eb8599d2-4f4e-4d9a-8070-1e6cb07ba84b] INFO  o.eclipse.m2e.core.internal.Bundles - 	Entry: C:\Users\exam\.p2\pool\plugins\org.eclipse.m2e.maven.runtime_3.9.600.20231203-1234\jars\maven-resolver-spi-1.9.18.jar
2024-04-10 18:57:54,499 [Worker-16: Launching mavenrun-eb8599d2-4f4e-4d9a-8070-1e6cb07ba84b] INFO  o.eclipse.m2e.core.internal.Bundles - 	Entry: C:\Users\exam\.p2\pool\plugins\org.eclipse.m2e.maven.runtime_3.9.600.20231203-1234\jars\maven-resolver-transport-file-1.9.18.jar
2024-04-10 18:57:54,499 [Worker-16: Launching mavenrun-eb8599d2-4f4e-4d9a-8070-1e6cb07ba84b] INFO  o.eclipse.m2e.core.internal.Bundles - 	Entry: C:\Users\exam\.p2\pool\plugins\org.eclipse.m2e.maven.runtime_3.9.600.20231203-1234\jars\maven-resolver-transport-http-1.9.18.jar
2024-04-10 18:57:54,499 [Worker-16: Launching mavenrun-eb8599d2-4f4e-4d9a-8070-1e6cb07ba84b] INFO  o.eclipse.m2e.core.internal.Bundles - 	Entry: C:\Users\exam\.p2\pool\plugins\org.eclipse.m2e.maven.runtime_3.9.600.20231203-1234\jars\maven-resolver-transport-wagon-1.9.18.jar
2024-04-10 18:57:54,499 [Worker-16: Launching mavenrun-eb8599d2-4f4e-4d9a-8070-1e6cb07ba84b] INFO  o.eclipse.m2e.core.internal.Bundles - 	Entry: C:\Users\exam\.p2\pool\plugins\org.eclipse.m2e.maven.runtime_3.9.600.20231203-1234\jars\maven-resolver-util-1.9.18.jar
2024-04-10 18:57:54,499 [Worker-16: Launching mavenrun-eb8599d2-4f4e-4d9a-8070-1e6cb07ba84b] INFO  o.eclipse.m2e.core.internal.Bundles - 	Entry: C:\Users\exam\.p2\pool\plugins\org.eclipse.m2e.maven.runtime_3.9.600.20231203-1234\jars\maven-settings-3.9.6.jar
2024-04-10 18:57:54,500 [Worker-16: Launching mavenrun-eb8599d2-4f4e-4d9a-8070-1e6cb07ba84b] INFO  o.eclipse.m2e.core.internal.Bundles - 	Entry: C:\Users\exam\.p2\pool\plugins\org.eclipse.m2e.maven.runtime_3.9.600.20231203-1234\jars\maven-settings-builder-3.9.6.jar
2024-04-10 18:57:54,500 [Worker-16: Launching mavenrun-eb8599d2-4f4e-4d9a-8070-1e6cb07ba84b] INFO  o.eclipse.m2e.core.internal.Bundles - 	Entry: C:\Users\exam\.p2\pool\plugins\org.eclipse.m2e.maven.runtime_3.9.600.20231203-1234\jars\maven-shared-utils-3.3.4.jar
2024-04-10 18:57:54,500 [Worker-16: Launching mavenrun-eb8599d2-4f4e-4d9a-8070-1e6cb07ba84b] INFO  o.eclipse.m2e.core.internal.Bundles - 	Entry: C:\Users\exam\.p2\pool\plugins\org.eclipse.m2e.maven.runtime_3.9.600.20231203-1234\jars\org.eclipse.sisu.inject-0.9.0.M2.jar
2024-04-10 18:57:54,500 [Worker-16: Launching mavenrun-eb8599d2-4f4e-4d9a-8070-1e6cb07ba84b] INFO  o.eclipse.m2e.core.internal.Bundles - 	Entry: C:\Users\exam\.p2\pool\plugins\org.eclipse.m2e.maven.runtime_3.9.600.20231203-1234\jars\org.eclipse.sisu.plexus-0.9.0.M2.jar
2024-04-10 18:57:54,500 [Worker-16: Launching mavenrun-eb8599d2-4f4e-4d9a-8070-1e6cb07ba84b] INFO  o.eclipse.m2e.core.internal.Bundles - 	Entry: C:\Users\exam\.p2\pool\plugins\org.eclipse.m2e.maven.runtime_3.9.600.20231203-1234\jars\plexus-build-api-0.0.7.jar
2024-04-10 18:57:54,500 [Worker-16: Launching mavenrun-eb8599d2-4f4e-4d9a-8070-1e6cb07ba84b] INFO  o.eclipse.m2e.core.internal.Bundles - 	Entry: C:\Users\exam\.p2\pool\plugins\org.eclipse.m2e.maven.runtime_3.9.600.20231203-1234\jars\plexus-cipher-2.0.jar
2024-04-10 18:57:54,501 [Worker-16: Launching mavenrun-eb8599d2-4f4e-4d9a-8070-1e6cb07ba84b] INFO  o.eclipse.m2e.core.internal.Bundles - 	Entry: C:\Users\exam\.p2\pool\plugins\org.eclipse.m2e.maven.runtime_3.9.600.20231203-1234\jars\plexus-classworlds-2.7.0.jar
2024-04-10 18:57:54,501 [Worker-16: Launching mavenrun-eb8599d2-4f4e-4d9a-8070-1e6cb07ba84b] INFO  o.eclipse.m2e.core.internal.Bundles - 	Entry: C:\Users\exam\.p2\pool\plugins\org.eclipse.m2e.maven.runtime_3.9.600.20231203-1234\jars\plexus-component-annotations-2.1.0.jar
2024-04-10 18:57:54,501 [Worker-16: Launching mavenrun-eb8599d2-4f4e-4d9a-8070-1e6cb07ba84b] INFO  o.eclipse.m2e.core.internal.Bundles - 	Entry: C:\Users\exam\.p2\pool\plugins\org.eclipse.m2e.maven.runtime_3.9.600.20231203-1234\jars\plexus-interpolation-1.26.jar
2024-04-10 18:57:54,501 [Worker-16: Launching mavenrun-eb8599d2-4f4e-4d9a-8070-1e6cb07ba84b] INFO  o.eclipse.m2e.core.internal.Bundles - 	Entry: C:\Users\exam\.p2\pool\plugins\org.eclipse.m2e.maven.runtime_3.9.600.20231203-1234\jars\plexus-sec-dispatcher-2.0.jar
2024-04-10 18:57:54,501 [Worker-16: Launching mavenrun-eb8599d2-4f4e-4d9a-8070-1e6cb07ba84b] INFO  o.eclipse.m2e.core.internal.Bundles - 	Entry: C:\Users\exam\.p2\pool\plugins\org.eclipse.m2e.maven.runtime_3.9.600.20231203-1234\jars\plexus-utils-3.5.1.jar
2024-04-10 18:57:54,501 [Worker-16: Launching mavenrun-eb8599d2-4f4e-4d9a-8070-1e6cb07ba84b] INFO  o.eclipse.m2e.core.internal.Bundles - 	Entry: C:\Users\exam\.p2\pool\plugins\org.eclipse.m2e.maven.runtime_3.9.600.20231203-1234\jars\wagon-file-3.5.3.jar
2024-04-10 18:57:54,502 [Worker-16: Launching mavenrun-eb8599d2-4f4e-4d9a-8070-1e6cb07ba84b] INFO  o.eclipse.m2e.core.internal.Bundles - 	Entry: C:\Users\exam\.p2\pool\plugins\org.eclipse.m2e.maven.runtime_3.9.600.20231203-1234\jars\wagon-http-3.5.3.jar
2024-04-10 18:57:54,502 [Worker-16: Launching mavenrun-eb8599d2-4f4e-4d9a-8070-1e6cb07ba84b] INFO  o.eclipse.m2e.core.internal.Bundles - 	Entry: C:\Users\exam\.p2\pool\plugins\org.eclipse.m2e.maven.runtime_3.9.600.20231203-1234\jars\wagon-http-shared-3.5.3.jar
2024-04-10 18:57:54,502 [Worker-16: Launching mavenrun-eb8599d2-4f4e-4d9a-8070-1e6cb07ba84b] INFO  o.eclipse.m2e.core.internal.Bundles - 	Entry: C:\Users\exam\.p2\pool\plugins\org.eclipse.m2e.maven.runtime_3.9.600.20231203-1234\jars\wagon-provider-api-3.5.3.jar
2024-04-10 18:57:54,503 [Worker-16: Launching mavenrun-eb8599d2-4f4e-4d9a-8070-1e6cb07ba84b] INFO  o.eclipse.m2e.core.internal.Bundles - getClasspathEntries(Bundle=com.google.guava_33.0.0.jre [14])
2024-04-10 18:57:54,504 [Worker-16: Launching mavenrun-eb8599d2-4f4e-4d9a-8070-1e6cb07ba84b] INFO  o.eclipse.m2e.core.internal.Bundles - 	Entry: C:\Users\exam\.p2\pool\plugins\com.google.guava_33.0.0.jre.jar
2024-04-10 18:57:54,504 [Worker-16: Launching mavenrun-eb8599d2-4f4e-4d9a-8070-1e6cb07ba84b] INFO  o.eclipse.m2e.core.internal.Bundles - getClasspathEntries(Bundle=slf4j.api_2.0.12 [1000])
2024-04-10 18:57:54,504 [Worker-16: Launching mavenrun-eb8599d2-4f4e-4d9a-8070-1e6cb07ba84b] INFO  o.eclipse.m2e.core.internal.Bundles - 	Entry: C:\Users\exam\.p2\pool\plugins\slf4j.api_2.0.12.jar
2024-04-10 18:57:54,504 [Worker-16: Launching mavenrun-eb8599d2-4f4e-4d9a-8070-1e6cb07ba84b] INFO  o.eclipse.m2e.core.internal.Bundles - getClasspathEntries(Bundle=jakarta.inject.jakarta.inject-api_1.0.5 [32])
2024-04-10 18:57:54,505 [Worker-16: Launching mavenrun-eb8599d2-4f4e-4d9a-8070-1e6cb07ba84b] INFO  o.eclipse.m2e.core.internal.Bundles - 	Entry: C:\Users\exam\.p2\pool\plugins\jakarta.inject.jakarta.inject-api_1.0.5.jar
2024-04-10 18:57:54,505 [Worker-16: Launching mavenrun-eb8599d2-4f4e-4d9a-8070-1e6cb07ba84b] INFO  o.eclipse.m2e.core.internal.Bundles - getClasspathEntries(Bundle=jakarta.annotation-api_1.3.5 [27])
2024-04-10 18:57:54,505 [Worker-16: Launching mavenrun-eb8599d2-4f4e-4d9a-8070-1e6cb07ba84b] INFO  o.eclipse.m2e.core.internal.Bundles - 	Entry: C:\Users\exam\.p2\pool\plugins\jakarta.annotation-api_1.3.5.jar
2024-04-10 18:57:54,505 [Worker-16: Launching mavenrun-eb8599d2-4f4e-4d9a-8070-1e6cb07ba84b] INFO  o.eclipse.m2e.core.internal.Bundles - getClasspathEntries(Bundle=org.apache.commons.cli_1.6.0 [75])
2024-04-10 18:57:54,506 [Worker-16: Launching mavenrun-eb8599d2-4f4e-4d9a-8070-1e6cb07ba84b] INFO  o.eclipse.m2e.core.internal.Bundles - 	Entry: C:\Users\exam\.p2\pool\plugins\org.apache.commons.cli_1.6.0.jar
2024-04-10 18:57:54,506 [Worker-16: Launching mavenrun-eb8599d2-4f4e-4d9a-8070-1e6cb07ba84b] INFO  o.eclipse.m2e.core.internal.Bundles - getClasspathEntries(Bundle=org.apache.commons.commons-codec_1.16.0 [78])
2024-04-10 18:57:54,506 [Worker-16: Launching mavenrun-eb8599d2-4f4e-4d9a-8070-1e6cb07ba84b] INFO  o.eclipse.m2e.core.internal.Bundles - 	Entry: C:\Users\exam\.p2\pool\plugins\org.apache.commons.commons-codec_1.16.0.jar
2024-04-10 18:57:54,506 [Worker-16: Launching mavenrun-eb8599d2-4f4e-4d9a-8070-1e6cb07ba84b] INFO  o.eclipse.m2e.core.internal.Bundles - getClasspathEntries(Bundle=org.apache.commons.lang3_3.14.0 [86])
2024-04-10 18:57:54,506 [Worker-16: Launching mavenrun-eb8599d2-4f4e-4d9a-8070-1e6cb07ba84b] INFO  o.eclipse.m2e.core.internal.Bundles - 	Entry: C:\Users\exam\.p2\pool\plugins\org.apache.commons.lang3_3.14.0.jar
2024-04-10 18:57:54,506 [Worker-16: Launching mavenrun-eb8599d2-4f4e-4d9a-8070-1e6cb07ba84b] INFO  o.eclipse.m2e.core.internal.Bundles - getClasspathEntries(Bundle=com.google.guava.failureaccess_1.0.2 [15])
2024-04-10 18:57:54,507 [Worker-16: Launching mavenrun-eb8599d2-4f4e-4d9a-8070-1e6cb07ba84b] INFO  o.eclipse.m2e.core.internal.Bundles - 	Entry: C:\Users\exam\.p2\pool\plugins\com.google.guava.failureaccess_1.0.2.jar
2024-04-10 18:57:54,519 [Worker-16: Launching mavenrun-eb8599d2-4f4e-4d9a-8070-1e6cb07ba84b] INFO  o.e.m.i.launch.MavenLaunchDelegate - Run build in "C:\Users\exam\AppData\Local\Temp\m2e-archetypeGenerator13465278563637204060":
2024-04-10 18:57:54,535 [Worker-16: Launching mavenrun-eb8599d2-4f4e-4d9a-8070-1e6cb07ba84b] INFO  o.e.m.i.launch.MavenLaunchDelegate -  mvn  -DarchetypeGroupId=org.apache.maven.archetypes -DarchetypeArtifactId=maven-archetype-quickstart -DarchetypeVersion=1.1 -DgroupId=web_app -DartifactId=web_app -Dversion=0.0.1-SNAPSHOT -Dpackage=web_app.web_app -DoutputDirectory=C:\Users\exam\Desktop\web_application -Dstyle.color=always -U archetype:generate
2024-04-10 18:58:15,662 [Worker-6: Creating maven-archetype-quickstart] INFO  o.e.m.c.i.p.ProjectConfigurationManager - Collecting project info '/pom.xml' C:\Users\exam\Desktop\web_application\web_app\pom.xml
2024-04-10 18:58:19,312 [Worker-6: Creating maven-archetype-quickstart] INFO  o.e.m.c.i.l.LifecycleMappingFactory - Using org.eclipse.m2e.jdt.JarLifecycleMapping lifecycle mapping for MavenProject: web_app:web_app:0.0.1-SNAPSHOT @ C:\Users\exam\Desktop\web_application\web_app\pom.xml.
2024-04-10 18:58:21,421 [Worker-6: Creating maven-archetype-quickstart] INFO  o.e.m.j.i.AbstractJavaProjectConfigurator - Adding source folder /web_app/src/main/java
2024-04-10 18:58:21,424 [Worker-6: Creating maven-archetype-quickstart] INFO  o.e.m.j.i.AbstractJavaProjectConfigurator - Adding resource folder /web_app/src/main/resources
2024-04-10 18:58:21,433 [Worker-6: Creating maven-archetype-quickstart] INFO  o.e.m.j.i.AbstractJavaProjectConfigurator - Adding source folder /web_app/src/test/java
2024-04-10 18:58:21,435 [Worker-6: Creating maven-archetype-quickstart] INFO  o.e.m.j.i.AbstractJavaProjectConfigurator - Adding resource folder /web_app/src/test/resources
2024-04-10 18:58:21,661 [Worker-6: Creating maven-archetype-quickstart] INFO  o.e.m.c.i.p.ProjectConfigurationManager - Imported and configured 1 project(s) in 5 sec
2024-04-10 18:58:23,730 [Worker-16: Building] INFO  o.a.m.s.f.DefaultMavenResourcesFiltering - skip non existing resourceDirectory C:\Users\exam\Desktop\web_application\web_app\src\main\resources
2024-04-10 18:58:23,746 [Worker-16: Building] INFO  o.a.m.s.f.DefaultMavenResourcesFiltering - skip non existing resourceDirectory C:\Users\exam\Desktop\web_application\web_app\src\test\resources
2024-04-10 18:59:16,599 [Worker-16: Building] INFO  o.a.m.s.f.DefaultMavenResourcesFiltering - skip non existing resourceDirectory C:\Users\exam\Desktop\web_application\web_app\src\main\resources
2024-04-10 18:59:16,602 [Worker-16: Building] INFO  o.a.m.s.f.DefaultMavenResourcesFiltering - skip non existing resourceDirectory C:\Users\exam\Desktop\web_application\web_app\src\test\resources
2024-04-10 18:59:35,269 [Worker-6: Building] INFO  o.a.m.s.f.DefaultMavenResourcesFiltering - skip non existing resourceDirectory C:\Users\exam\Desktop\web_application\web_app\src\main\resources
2024-04-10 18:59:35,271 [Worker-6: Building] INFO  o.a.m.s.f.DefaultMavenResourcesFiltering - skip non existing resourceDirectory C:\Users\exam\Desktop\web_application\web_app\src\test\resources
2024-04-10 19:01:07,076 [Worker-16: Building] INFO  o.a.m.s.f.DefaultMavenResourcesFiltering - skip non existing resourceDirectory C:\Users\exam\Desktop\web_application\web_app\src\main\resources
2024-04-10 19:01:07,088 [Worker-16: Building] INFO  o.a.m.s.f.DefaultMavenResourcesFiltering - skip non existing resourceDirectory C:\Users\exam\Desktop\web_application\web_app\src\test\resources
2024-04-10 19:09:26,664 [Worker-2: Building] INFO  o.a.m.s.f.DefaultMavenResourcesFiltering - Copying 0 resource from src\main\resources to target\classes
2024-04-10 19:09:26,667 [Worker-2: Building] INFO  o.a.m.s.f.DefaultMavenResourcesFiltering - Copying 0 resource from src\test\resources to target\test-classes
2024-04-10 19:31:43,679 [Worker-38: Launching Webapplication] INFO  o.a.m.s.f.DefaultMavenResourcesFiltering - Copying 0 resource from src\main\resources to target\classes
2024-04-10 19:31:43,684 [Worker-38: Launching Webapplication] INFO  o.a.m.s.f.DefaultMavenResourcesFiltering - Copying 0 resource from src\test\resources to target\test-classes
2024-04-10 19:46:10,868 [Worker-41: Launching Webapplication] INFO  o.a.m.s.f.DefaultMavenResourcesFiltering - Copying 0 resource from src\main\resources to target\classes
2024-04-10 19:46:10,891 [Worker-41: Launching Webapplication] INFO  o.a.m.s.f.DefaultMavenResourcesFiltering - Copying 0 resource from src\test\resources to target\test-classes
2024-04-10 19:46:27,156 [Worker-44: Launching Webapplication] INFO  o.a.m.s.f.DefaultMavenResourcesFiltering - Copying 0 resource from src\main\resources to target\classes
2024-04-10 19:46:27,190 [Worker-44: Launching Webapplication] INFO  o.a.m.s.f.DefaultMavenResourcesFiltering - Copying 0 resource from src\test\resources to target\test-classes
2024-04-10 19:49:15,214 [Worker-45: Launching Webapplication] INFO  o.a.m.s.f.DefaultMavenResourcesFiltering - Copying 0 resource from src\main\resources to target\classes
2024-04-10 19:49:15,217 [Worker-45: Launching Webapplication] INFO  o.a.m.s.f.DefaultMavenResourcesFiltering - Copying 0 resource from src\test\resources to target\test-classes
2024-04-10 19:50:23,133 [Worker-50: Launching Webapplication] INFO  o.a.m.s.f.DefaultMavenResourcesFiltering - Copying 0 resource from src\main\resources to target\classes
2024-04-10 19:50:23,142 [Worker-50: Launching Webapplication] INFO  o.a.m.s.f.DefaultMavenResourcesFiltering - Copying 0 resource from src\test\resources to target\test-classes
2024-04-10 19:51:59,295 [Worker-50: Launching Webapplication] INFO  o.a.m.s.f.DefaultMavenResourcesFiltering - Copying 0 resource from src\main\resources to target\classes
2024-04-10 19:51:59,299 [Worker-50: Launching Webapplication] INFO  o.a.m.s.f.DefaultMavenResourcesFiltering - Copying 0 resource from src\test\resources to target\test-classes
2024-04-10 20:02:46,699 [Worker-54: Launching Webapplication] INFO  o.a.m.s.f.DefaultMavenResourcesFiltering - Copying 0 resource from src\main\resources to target\classes
2024-04-10 20:02:46,704 [Worker-54: Launching Webapplication] INFO  o.a.m.s.f.DefaultMavenResourcesFiltering - Copying 0 resource from src\test\resources to target\test-classes
2024-04-10 20:04:30,655 [Worker-52: Launching Webapplication] INFO  o.a.m.s.f.DefaultMavenResourcesFiltering - Copying 0 resource from src\main\resources to target\classes
2024-04-10 20:04:30,658 [Worker-52: Launching Webapplication] INFO  o.a.m.s.f.DefaultMavenResourcesFiltering - Copying 0 resource from src\test\resources to target\test-classes
2024-04-10 20:07:49,571 [Worker-58: Launching Webapplication] INFO  o.a.m.s.f.DefaultMavenResourcesFiltering - Copying 0 resource from src\main\resources to target\classes
2024-04-10 20:07:49,584 [Worker-58: Launching Webapplication] INFO  o.a.m.s.f.DefaultMavenResourcesFiltering - Copying 0 resource from src\test\resources to target\test-classes
2024-04-10 20:08:35,553 [Worker-58: Launching Webapplication] INFO  o.a.m.s.f.DefaultMavenResourcesFiltering - Copying 0 resource from src\main\resources to target\classes
2024-04-10 20:08:35,557 [Worker-58: Launching Webapplication] INFO  o.a.m.s.f.DefaultMavenResourcesFiltering - Copying 0 resource from src\test\resources to target\test-classes
2024-04-10 20:10:48,702 [Worker-58: Building] INFO  o.a.m.s.f.DefaultMavenResourcesFiltering - Copying 0 resource from src\main\resources to target\classes
2024-04-10 20:10:48,704 [Worker-58: Building] INFO  o.a.m.s.f.DefaultMavenResourcesFiltering - Copying 0 resource from src\test\resources to target\test-classes
2024-04-10 21:11:16,025 [Worker-64: Launching Webapplication] INFO  o.a.m.s.f.DefaultMavenResourcesFiltering - Copying 0 resource from src\main\resources to target\classes
2024-04-10 21:11:16,040 [Worker-64: Launching Webapplication] INFO  o.a.m.s.f.DefaultMavenResourcesFiltering - Copying 0 resource from src\test\resources to target\test-classes
2024-04-10 21:12:15,310 [Worker-64: Launching Webapplication] INFO  o.a.m.s.f.DefaultMavenResourcesFiltering - Copying 0 resource from src\main\resources to target\classes
2024-04-10 21:12:15,313 [Worker-64: Launching Webapplication] INFO  o.a.m.s.f.DefaultMavenResourcesFiltering - Copying 0 resource from src\test\resources to target\test-classes
2024-04-10 21:15:11,146 [Worker-87: Launching Webapplication] INFO  o.a.m.s.f.DefaultMavenResourcesFiltering - Copying 0 resource from src\main\resources to target\classes
2024-04-10 21:15:11,158 [Worker-87: Launching Webapplication] INFO  o.a.m.s.f.DefaultMavenResourcesFiltering - Copying 0 resource from src\test\resources to target\test-classes
2024-04-10 21:36:03,968 [Worker-93: Launching Webapplication] INFO  o.a.m.s.f.DefaultMavenResourcesFiltering - Copying 0 resource from src\main\resources to target\classes
2024-04-10 21:36:03,970 [Worker-93: Launching Webapplication] INFO  o.a.m.s.f.DefaultMavenResourcesFiltering - Copying 0 resource from src\test\resources to target\test-classes
2024-04-10 21:36:48,044 [Worker-94: Building] INFO  o.a.m.s.f.DefaultMavenResourcesFiltering - Copying 0 resource from src\main\resources to target\classes
2024-04-10 21:36:48,049 [Worker-94: Building] INFO  o.a.m.s.f.DefaultMavenResourcesFiltering - Copying 0 resource from src\test\resources to target\test-classes
2024-04-10 21:37:46,776 [Worker-95: Launching create_ac] INFO  o.a.m.s.f.DefaultMavenResourcesFiltering - Copying 0 resource from src\main\resources to target\classes
2024-04-10 21:37:46,778 [Worker-95: Launching create_ac] INFO  o.a.m.s.f.DefaultMavenResourcesFiltering - Copying 0 resource from src\test\resources to target\test-classes
2024-04-10 21:42:06,577 [Worker-96: Launching create_ac] INFO  o.a.m.s.f.DefaultMavenResourcesFiltering - Copying 0 resource from src\main\resources to target\classes
2024-04-10 21:42:06,581 [Worker-96: Launching create_ac] INFO  o.a.m.s.f.DefaultMavenResourcesFiltering - Copying 0 resource from src\test\resources to target\test-classes
2024-04-10 21:43:41,794 [Worker-99: Launching create_ac] INFO  o.a.m.s.f.DefaultMavenResourcesFiltering - Copying 0 resource from src\main\resources to target\classes
2024-04-10 21:43:41,798 [Worker-99: Launching create_ac] INFO  o.a.m.s.f.DefaultMavenResourcesFiltering - Copying 0 resource from src\test\resources to target\test-classes
2024-04-10 21:44:44,453 [Worker-99: Launching create_ac] INFO  o.a.m.s.f.DefaultMavenResourcesFiltering - Copying 0 resource from src\main\resources to target\classes
2024-04-10 21:44:44,458 [Worker-99: Launching create_ac] INFO  o.a.m.s.f.DefaultMavenResourcesFiltering - Copying 0 resource from src\test\resources to target\test-classes
2024-04-10 21:46:32,433 [Worker-100: Launching create_ac] INFO  o.a.m.s.f.DefaultMavenResourcesFiltering - Copying 0 resource from src\main\resources to target\classes
2024-04-10 21:46:32,444 [Worker-100: Launching create_ac] INFO  o.a.m.s.f.DefaultMavenResourcesFiltering - Copying 0 resource from src\test\resources to target\test-classes
2024-04-10 21:48:17,659 [Worker-100: Launching create_ac] INFO  o.a.m.s.f.DefaultMavenResourcesFiltering - Copying 0 resource from src\main\resources to target\classes
2024-04-10 21:48:17,662 [Worker-100: Launching create_ac] INFO  o.a.m.s.f.DefaultMavenResourcesFiltering - Copying 0 resource from src\test\resources to target\test-classes
2024-04-10 21:50:18,045 [Worker-100: Launching create_ac] INFO  o.a.m.s.f.DefaultMavenResourcesFiltering - Copying 0 resource from src\main\resources to target\classes
2024-04-10 21:50:18,051 [Worker-100: Launching create_ac] INFO  o.a.m.s.f.DefaultMavenResourcesFiltering - Copying 0 resource from src\test\resources to target\test-classes
2024-04-10 21:51:44,115 [Worker-103: Launching create_ac] INFO  o.a.m.s.f.DefaultMavenResourcesFiltering - Copying 0 resource from src\main\resources to target\classes
2024-04-10 21:51:44,121 [Worker-103: Launching create_ac] INFO  o.a.m.s.f.DefaultMavenResourcesFiltering - Copying 0 resource from src\test\resources to target\test-classes
2024-04-10 21:54:22,357 [Worker-100: Launching create_ac] INFO  o.a.m.s.f.DefaultMavenResourcesFiltering - Copying 0 resource from src\main\resources to target\classes
2024-04-10 21:54:22,361 [Worker-100: Launching create_ac] INFO  o.a.m.s.f.DefaultMavenResourcesFiltering - Copying 0 resource from src\test\resources to target\test-classes
2024-04-10 21:54:47,416 [Worker-107: Launching create_ac] INFO  o.a.m.s.f.DefaultMavenResourcesFiltering - Copying 0 resource from src\main\resources to target\classes
2024-04-10 21:54:47,419 [Worker-107: Launching create_ac] INFO  o.a.m.s.f.DefaultMavenResourcesFiltering - Copying 0 resource from src\test\resources to target\test-classes
2024-04-10 22:03:02,883 [Worker-111: Launching Webapplication] INFO  o.a.m.s.f.DefaultMavenResourcesFiltering - Copying 0 resource from src\main\resources to target\classes
2024-04-10 22:03:02,887 [Worker-111: Launching Webapplication] INFO  o.a.m.s.f.DefaultMavenResourcesFiltering - Copying 0 resource from src\test\resources to target\test-classes
2024-04-10 22:04:08,672 [Worker-111: Launching Webapplication] INFO  o.a.m.s.f.DefaultMavenResourcesFiltering - Copying 0 resource from src\main\resources to target\classes
2024-04-10 22:04:08,675 [Worker-111: Launching Webapplication] INFO  o.a.m.s.f.DefaultMavenResourcesFiltering - Copying 0 resource from src\test\resources to target\test-classes
2024-04-10 22:07:14,579 [Worker-112: Launching Webapplication] INFO  o.a.m.s.f.DefaultMavenResourcesFiltering - Copying 0 resource from src\main\resources to target\classes
2024-04-10 22:07:14,583 [Worker-112: Launching Webapplication] INFO  o.a.m.s.f.DefaultMavenResourcesFiltering - Copying 0 resource from src\test\resources to target\test-classes
2024-04-10 22:12:05,601 [Worker-116: Launching Webapplication] INFO  o.a.m.s.f.DefaultMavenResourcesFiltering - Copying 0 resource from src\main\resources to target\classes
2024-04-10 22:12:05,611 [Worker-116: Launching Webapplication] INFO  o.a.m.s.f.DefaultMavenResourcesFiltering - Copying 0 resource from src\test\resources to target\test-classes
2024-04-10 22:13:51,974 [Worker-115: Launching Webapplication] INFO  o.a.m.s.f.DefaultMavenResourcesFiltering - Copying 0 resource from src\main\resources to target\classes
2024-04-10 22:13:51,978 [Worker-115: Launching Webapplication] INFO  o.a.m.s.f.DefaultMavenResourcesFiltering - Copying 0 resource from src\test\resources to target\test-classes
2024-04-10 22:15:24,579 [Worker-117: Launching Webapplication] INFO  o.a.m.s.f.DefaultMavenResourcesFiltering - Copying 0 resource from src\main\resources to target\classes
2024-04-10 22:15:24,593 [Worker-117: Launching Webapplication] INFO  o.a.m.s.f.DefaultMavenResourcesFiltering - Copying 0 resource from src\test\resources to target\test-classes
2024-04-10 22:17:11,693 [Worker-119: Launching Webapplication] INFO  o.a.m.s.f.DefaultMavenResourcesFiltering - Copying 0 resource from src\main\resources to target\classes
2024-04-10 22:17:11,704 [Worker-119: Launching Webapplication] INFO  o.a.m.s.f.DefaultMavenResourcesFiltering - Copying 0 resource from src\test\resources to target\test-classes
2024-04-10 22:17:53,717 [Worker-120: Launching Webapplication] INFO  o.a.m.s.f.DefaultMavenResourcesFiltering - Copying 0 resource from src\main\resources to target\classes
2024-04-10 22:17:53,727 [Worker-120: Launching Webapplication] INFO  o.a.m.s.f.DefaultMavenResourcesFiltering - Copying 0 resource from src\test\resources to target\test-classes
2024-04-10 22:18:54,149 [Worker-116: Launching Webapplication] INFO  o.a.m.s.f.DefaultMavenResourcesFiltering - Copying 0 resource from src\main\resources to target\classes
2024-04-10 22:18:54,153 [Worker-116: Launching Webapplication] INFO  o.a.m.s.f.DefaultMavenResourcesFiltering - Copying 0 resource from src\test\resources to target\test-classes
2024-04-10 22:20:18,861 [Worker-119: Launching Webapplication] INFO  o.a.m.s.f.DefaultMavenResourcesFiltering - Copying 0 resource from src\main\resources to target\classes
2024-04-10 22:20:18,875 [Worker-119: Launching Webapplication] INFO  o.a.m.s.f.DefaultMavenResourcesFiltering - Copying 0 resource from src\test\resources to target\test-classes
2024-04-10 22:30:33,777 [Worker-127: Building] INFO  o.a.m.s.f.DefaultMavenResourcesFiltering - Copying 0 resource from src\main\resources to target\classes
2024-04-10 22:30:33,791 [Worker-127: Building] INFO  o.a.m.s.f.DefaultMavenResourcesFiltering - Copying 0 resource from src\test\resources to target\test-classes
2024-04-10 22:34:07,447 [Worker-127: Launching Webapplication] INFO  o.a.m.s.f.DefaultMavenResourcesFiltering - Copying 0 resource from src\main\resources to target\classes
2024-04-10 22:34:07,450 [Worker-127: Launching Webapplication] INFO  o.a.m.s.f.DefaultMavenResourcesFiltering - Copying 0 resource from src\test\resources to target\test-classes
2024-04-10 22:34:49,131 [Worker-116: Launching Webapplication] INFO  o.a.m.s.f.DefaultMavenResourcesFiltering - Copying 0 resource from src\main\resources to target\classes
2024-04-10 22:34:49,139 [Worker-116: Launching Webapplication] INFO  o.a.m.s.f.DefaultMavenResourcesFiltering - Copying 0 resource from src\test\resources to target\test-classes
2024-04-10 22:35:09,698 [Worker-116: Launching Webapplication] INFO  o.a.m.s.f.DefaultMavenResourcesFiltering - Copying 0 resource from src\main\resources to target\classes
2024-04-10 22:35:09,708 [Worker-116: Launching Webapplication] INFO  o.a.m.s.f.DefaultMavenResourcesFiltering - Copying 0 resource from src\test\resources to target\test-classes
2024-04-10 22:35:36,952 [Worker-127: Launching Webapplication] INFO  o.a.m.s.f.DefaultMavenResourcesFiltering - Copying 0 resource from src\main\resources to target\classes
2024-04-10 22:35:36,962 [Worker-127: Launching Webapplication] INFO  o.a.m.s.f.DefaultMavenResourcesFiltering - Copying 0 resource from src\test\resources to target\test-classes
2024-04-10 22:38:04,434 [Worker-136: Launching Webapplication] INFO  o.a.m.s.f.DefaultMavenResourcesFiltering - Copying 0 resource from src\main\resources to target\classes
2024-04-10 22:38:04,438 [Worker-136: Launching Webapplication] INFO  o.a.m.s.f.DefaultMavenResourcesFiltering - Copying 0 resource from src\test\resources to target\test-classes
2024-04-10 22:39:09,554 [Worker-139: Launching Webapplication] INFO  o.a.m.s.f.DefaultMavenResourcesFiltering - Copying 0 resource from src\main\resources to target\classes
2024-04-10 22:39:09,566 [Worker-139: Launching Webapplication] INFO  o.a.m.s.f.DefaultMavenResourcesFiltering - Copying 0 resource from src\test\resources to target\test-classes
2024-04-10 22:40:20,987 [Worker-131: Launching Webapplication] INFO  o.a.m.s.f.DefaultMavenResourcesFiltering - Copying 0 resource from src\main\resources to target\classes
2024-04-10 22:40:20,991 [Worker-131: Launching Webapplication] INFO  o.a.m.s.f.DefaultMavenResourcesFiltering - Copying 0 resource from src\test\resources to target\test-classes
2024-04-10 22:44:00,224 [Worker-138: Launching Webapplication] INFO  o.a.m.s.f.DefaultMavenResourcesFiltering - Copying 0 resource from src\main\resources to target\classes
2024-04-10 22:44:00,229 [Worker-138: Launching Webapplication] INFO  o.a.m.s.f.DefaultMavenResourcesFiltering - Copying 0 resource from src\test\resources to target\test-classes
